14/06/2025 19:39:51 INFO  o.h.v.i.u.Version - HV000001: Hibernate Validator 8.0.2.Final 
14/06/2025 19:39:51 INFO  b.c.g.p.t.p.TextProcessorServiceApplication - Starting TextProcessorServiceApplication using Java 17.0.15 with PID 38379 (/home/guntz/dev/projects/spring/ems/guntz-posts/microservices/text-processor-service/target/classes started by guntz in /home/guntz/dev/projects/spring/ems/guntz-posts) 
14/06/2025 19:39:51 INFO  b.c.g.p.t.p.TextProcessorServiceApplication - No active profile set, falling back to 1 default profile: "default" 
14/06/2025 19:39:51 INFO  o.s.b.d.e.DevToolsPropertyDefaultsPostProcessor - Devtools property defaults active! Set 'spring.devtools.add-properties' to 'false' to disable 
14/06/2025 19:39:51 INFO  o.s.b.d.e.DevToolsPropertyDefaultsPostProcessor - For additional web related logging consider setting the 'logging.level.web' property to 'DEBUG' 
14/06/2025 19:39:52 INFO  o.s.b.w.e.t.TomcatWebServer - Tomcat initialized with port 8081 (http) 
14/06/2025 19:39:52 INFO  o.a.c.h.Http11NioProtocol - Initializing ProtocolHandler ["http-nio-8081"] 
14/06/2025 19:39:52 INFO  o.a.c.c.StandardService - Starting service [Tomcat] 
14/06/2025 19:39:52 INFO  o.a.c.c.StandardEngine - Starting Servlet engine: [Apache Tomcat/10.1.41] 
14/06/2025 19:39:52 INFO  o.a.c.c.C.[.[.[/] - Initializing Spring embedded WebApplicationContext 
14/06/2025 19:39:52 INFO  o.s.b.w.s.c.ServletWebServerApplicationContext - Root WebApplicationContext: initialization completed in 1458 ms 
14/06/2025 19:39:53 INFO  o.s.b.d.a.OptionalLiveReloadServer - LiveReload server is running on port 35729 
14/06/2025 19:39:53 INFO  o.a.c.h.Http11NioProtocol - Starting ProtocolHandler ["http-nio-8081"] 
14/06/2025 19:39:53 INFO  o.s.b.w.e.t.TomcatWebServer - Tomcat started on port 8081 (http) with context path '/' 
14/06/2025 19:39:53 INFO  b.c.g.p.t.p.TextProcessorServiceApplication - Started TextProcessorServiceApplication in 2.998 seconds (process running for 3.665) 
14/06/2025 19:41:44 INFO  o.s.b.w.e.t.GracefulShutdown - Commencing graceful shutdown. Waiting for active requests to complete 
14/06/2025 19:41:44 INFO  o.s.b.w.e.t.GracefulShutdown - Graceful shutdown complete 
14/06/2025 20:09:06 INFO  o.h.v.i.u.Version - HV000001: Hibernate Validator 8.0.2.Final 
14/06/2025 20:09:06 INFO  b.c.g.p.t.p.TextProcessorServiceApplication - Starting TextProcessorServiceApplication using Java 17.0.15 with PID 51736 (/home/guntz/dev/projects/spring/ems/guntz-posts/microservices/text-processor-service/target/classes started by guntz in /home/guntz/dev/projects/spring/ems/guntz-posts) 
14/06/2025 20:09:06 INFO  b.c.g.p.t.p.TextProcessorServiceApplication - No active profile set, falling back to 1 default profile: "default" 
14/06/2025 20:09:06 INFO  o.s.b.d.e.DevToolsPropertyDefaultsPostProcessor - Devtools property defaults active! Set 'spring.devtools.add-properties' to 'false' to disable 
14/06/2025 20:09:06 INFO  o.s.b.d.e.DevToolsPropertyDefaultsPostProcessor - For additional web related logging consider setting the 'logging.level.web' property to 'DEBUG' 
14/06/2025 20:09:08 INFO  o.s.b.w.e.t.TomcatWebServer - Tomcat initialized with port 8081 (http) 
14/06/2025 20:09:08 INFO  o.a.c.h.Http11NioProtocol - Initializing ProtocolHandler ["http-nio-8081"] 
14/06/2025 20:09:08 INFO  o.a.c.c.StandardService - Starting service [Tomcat] 
14/06/2025 20:09:08 INFO  o.a.c.c.StandardEngine - Starting Servlet engine: [Apache Tomcat/10.1.41] 
14/06/2025 20:09:08 INFO  o.a.c.c.C.[.[.[/] - Initializing Spring embedded WebApplicationContext 
14/06/2025 20:09:08 INFO  o.s.b.w.s.c.ServletWebServerApplicationContext - Root WebApplicationContext: initialization completed in 1423 ms 
14/06/2025 20:09:09 INFO  o.s.b.d.a.OptionalLiveReloadServer - LiveReload server is running on port 35729 
14/06/2025 20:09:09 INFO  o.a.c.h.Http11NioProtocol - Starting ProtocolHandler ["http-nio-8081"] 
14/06/2025 20:09:09 INFO  o.s.b.w.e.t.TomcatWebServer - Tomcat started on port 8081 (http) with context path '/' 
14/06/2025 20:09:09 INFO  b.c.g.p.t.p.TextProcessorServiceApplication - Started TextProcessorServiceApplication in 2.748 seconds (process running for 3.295) 
14/06/2025 20:09:15 INFO  o.s.b.w.e.t.GracefulShutdown - Commencing graceful shutdown. Waiting for active requests to complete 
14/06/2025 20:09:15 INFO  o.s.b.w.e.t.GracefulShutdown - Graceful shutdown complete 
14/06/2025 20:17:25 INFO  o.h.v.i.u.Version - HV000001: Hibernate Validator 8.0.2.Final 
14/06/2025 20:17:25 INFO  b.c.g.p.t.p.TextProcessorServiceApplication - Starting TextProcessorServiceApplication using Java 17.0.15 with PID 55128 (/home/guntz/dev/projects/spring/ems/guntz-posts/microservices/text-processor-service/target/classes started by guntz in /home/guntz/dev/projects/spring/ems/guntz-posts) 
14/06/2025 20:17:25 INFO  b.c.g.p.t.p.TextProcessorServiceApplication - No active profile set, falling back to 1 default profile: "default" 
14/06/2025 20:17:25 INFO  o.s.b.d.e.DevToolsPropertyDefaultsPostProcessor - Devtools property defaults active! Set 'spring.devtools.add-properties' to 'false' to disable 
14/06/2025 20:17:25 INFO  o.s.b.d.e.DevToolsPropertyDefaultsPostProcessor - For additional web related logging consider setting the 'logging.level.web' property to 'DEBUG' 
14/06/2025 20:17:26 WARN  o.s.b.w.s.c.AnnotationConfigServletWebServerApplicationContext - Exception encountered during context initialization - cancelling refresh attempt: org.springframework.beans.factory.support.BeanDefinitionOverrideException: Invalid bean definition with name 'rabbitmqConfig' defined in class path resource [br/com/guntz/posts/text/processor/infrastructure/rabbitmq/RabbitmqConfig.class]: Cannot register bean definition [Root bean: class=null; scope=; abstract=false; lazyInit=null; autowireMode=3; dependencyCheck=0; autowireCandidate=true; primary=false; fallback=false; factoryBeanName=rabbitmqConfig; factoryMethodName=rabbitmqConfig; initMethodNames=null; destroyMethodNames=[(inferred)]; defined in class path resource [br/com/guntz/posts/text/processor/infrastructure/rabbitmq/RabbitmqConfig.class]] for bean 'rabbitmqConfig' since there is already [Generic bean: class=br.com.guntz.posts.text.processor.infrastructure.rabbitmq.RabbitmqConfig; scope=singleton; abstract=false; lazyInit=null; autowireMode=0; dependencyCheck=0; autowireCandidate=true; primary=false; fallback=false; factoryBeanName=null; factoryMethodName=null; initMethodNames=null; destroyMethodNames=null; defined in file [/home/guntz/dev/projects/spring/ems/guntz-posts/microservices/text-processor-service/target/classes/br/com/guntz/posts/text/processor/infrastructure/rabbitmq/RabbitmqConfig.class]] bound. 
14/06/2025 20:17:26 INFO  o.s.b.a.l.ConditionEvaluationReportLogger - 

Error starting ApplicationContext. To display the condition evaluation report re-run your application with 'debug' enabled. 
14/06/2025 20:17:26 ERROR o.s.b.d.LoggingFailureAnalysisReporter - 

***************************
APPLICATION FAILED TO START
***************************

Description:

The bean 'rabbitmqConfig', defined in class path resource [br/com/guntz/posts/text/processor/infrastructure/rabbitmq/RabbitmqConfig.class], could not be registered. A bean with that name has already been defined in file [/home/guntz/dev/projects/spring/ems/guntz-posts/microservices/text-processor-service/target/classes/br/com/guntz/posts/text/processor/infrastructure/rabbitmq/RabbitmqConfig.class] and overriding is disabled.

Action:

Consider renaming one of the beans or enabling overriding by setting spring.main.allow-bean-definition-overriding=true
 
14/06/2025 20:17:47 INFO  o.h.v.i.u.Version - HV000001: Hibernate Validator 8.0.2.Final 
14/06/2025 20:17:47 INFO  b.c.g.p.t.p.TextProcessorServiceApplication - Starting TextProcessorServiceApplication using Java 17.0.15 with PID 55452 (/home/guntz/dev/projects/spring/ems/guntz-posts/microservices/text-processor-service/target/classes started by guntz in /home/guntz/dev/projects/spring/ems/guntz-posts) 
14/06/2025 20:17:47 INFO  b.c.g.p.t.p.TextProcessorServiceApplication - No active profile set, falling back to 1 default profile: "default" 
14/06/2025 20:17:47 INFO  o.s.b.d.e.DevToolsPropertyDefaultsPostProcessor - Devtools property defaults active! Set 'spring.devtools.add-properties' to 'false' to disable 
14/06/2025 20:17:47 INFO  o.s.b.d.e.DevToolsPropertyDefaultsPostProcessor - For additional web related logging consider setting the 'logging.level.web' property to 'DEBUG' 
14/06/2025 20:17:49 INFO  o.s.b.w.e.t.TomcatWebServer - Tomcat initialized with port 8081 (http) 
14/06/2025 20:17:49 INFO  o.a.c.h.Http11NioProtocol - Initializing ProtocolHandler ["http-nio-8081"] 
14/06/2025 20:17:49 INFO  o.a.c.c.StandardService - Starting service [Tomcat] 
14/06/2025 20:17:49 INFO  o.a.c.c.StandardEngine - Starting Servlet engine: [Apache Tomcat/10.1.41] 
14/06/2025 20:17:49 INFO  o.a.c.c.C.[.[.[/] - Initializing Spring embedded WebApplicationContext 
14/06/2025 20:17:49 INFO  o.s.b.w.s.c.ServletWebServerApplicationContext - Root WebApplicationContext: initialization completed in 1459 ms 
14/06/2025 20:17:50 INFO  o.s.b.d.a.OptionalLiveReloadServer - LiveReload server is running on port 35729 
14/06/2025 20:17:50 INFO  o.a.c.h.Http11NioProtocol - Starting ProtocolHandler ["http-nio-8081"] 
14/06/2025 20:17:50 INFO  o.s.b.w.e.t.TomcatWebServer - Tomcat started on port 8081 (http) with context path '/' 
14/06/2025 20:17:50 INFO  b.c.g.p.t.p.TextProcessorServiceApplication - Started TextProcessorServiceApplication in 2.893 seconds (process running for 3.48) 
14/06/2025 20:19:15 INFO  o.s.b.d.a.LocalDevToolsAutoConfiguration$RestartingClassPathChangeChangedEventListener - Restarting due to 1 class path change (1 addition, 0 deletions, 0 modifications) 
14/06/2025 20:19:15 INFO  o.s.b.w.e.t.GracefulShutdown - Commencing graceful shutdown. Waiting for active requests to complete 
14/06/2025 20:19:15 INFO  o.a.c.h.Http11NioProtocol - Pausing ProtocolHandler ["http-nio-8081"] 
14/06/2025 20:19:15 INFO  o.s.b.w.e.t.GracefulShutdown - Graceful shutdown complete 
14/06/2025 20:19:15 INFO  o.a.c.h.Http11NioProtocol - Stopping ProtocolHandler ["http-nio-8081"] 
14/06/2025 20:19:15 INFO  b.c.g.p.t.p.TextProcessorServiceApplication - Starting TextProcessorServiceApplication using Java 17.0.15 with PID 55452 (/home/guntz/dev/projects/spring/ems/guntz-posts/microservices/text-processor-service/target/classes started by guntz in /home/guntz/dev/projects/spring/ems/guntz-posts) 
14/06/2025 20:19:15 INFO  b.c.g.p.t.p.TextProcessorServiceApplication - No active profile set, falling back to 1 default profile: "default" 
14/06/2025 20:19:15 INFO  o.s.b.w.e.t.TomcatWebServer - Tomcat initialized with port 8081 (http) 
14/06/2025 20:19:15 INFO  o.a.c.h.Http11NioProtocol - Initializing ProtocolHandler ["http-nio-8081"] 
14/06/2025 20:19:15 INFO  o.a.c.c.StandardService - Starting service [Tomcat] 
14/06/2025 20:19:15 INFO  o.a.c.c.StandardEngine - Starting Servlet engine: [Apache Tomcat/10.1.41] 
14/06/2025 20:19:15 INFO  o.a.c.c.C.[.[.[/] - Initializing Spring embedded WebApplicationContext 
14/06/2025 20:19:15 INFO  o.s.b.w.s.c.ServletWebServerApplicationContext - Root WebApplicationContext: initialization completed in 277 ms 
14/06/2025 20:19:15 INFO  o.s.a.r.c.CachingConnectionFactory - Attempting to connect to: [localhost:5672] 
14/06/2025 20:19:16 INFO  o.s.a.r.c.CachingConnectionFactory - Created new connection: rabbitConnectionFactory#1df66715:0/SimpleConnection@23132955 [delegate=amqp://rabbitmq@127.0.0.1:5672/, localPort=35066] 
14/06/2025 20:19:16 INFO  o.s.b.d.a.OptionalLiveReloadServer - LiveReload server is running on port 35729 
14/06/2025 20:19:16 INFO  o.a.c.h.Http11NioProtocol - Starting ProtocolHandler ["http-nio-8081"] 
14/06/2025 20:19:16 INFO  o.s.b.w.e.t.TomcatWebServer - Tomcat started on port 8081 (http) with context path '/' 
14/06/2025 20:19:16 INFO  b.c.g.p.t.p.TextProcessorServiceApplication - Started TextProcessorServiceApplication in 0.576 seconds (process running for 89.514) 
14/06/2025 20:19:16 INFO  o.s.b.d.a.ConditionEvaluationDeltaLoggingListener - Condition evaluation unchanged 
14/06/2025 20:19:23 INFO  o.s.b.w.e.t.GracefulShutdown - Commencing graceful shutdown. Waiting for active requests to complete 
14/06/2025 20:19:23 INFO  o.s.b.w.e.t.GracefulShutdown - Graceful shutdown complete 
14/06/2025 20:19:25 INFO  o.h.v.i.u.Version - HV000001: Hibernate Validator 8.0.2.Final 
14/06/2025 20:19:25 INFO  b.c.g.p.t.p.TextProcessorServiceApplication - Starting TextProcessorServiceApplication using Java 17.0.15 with PID 56348 (/home/guntz/dev/projects/spring/ems/guntz-posts/microservices/text-processor-service/target/classes started by guntz in /home/guntz/dev/projects/spring/ems/guntz-posts) 
14/06/2025 20:19:25 INFO  b.c.g.p.t.p.TextProcessorServiceApplication - No active profile set, falling back to 1 default profile: "default" 
14/06/2025 20:19:25 INFO  o.s.b.d.e.DevToolsPropertyDefaultsPostProcessor - Devtools property defaults active! Set 'spring.devtools.add-properties' to 'false' to disable 
14/06/2025 20:19:25 INFO  o.s.b.d.e.DevToolsPropertyDefaultsPostProcessor - For additional web related logging consider setting the 'logging.level.web' property to 'DEBUG' 
14/06/2025 20:19:27 INFO  o.s.b.w.e.t.TomcatWebServer - Tomcat initialized with port 8081 (http) 
14/06/2025 20:19:27 INFO  o.a.c.h.Http11NioProtocol - Initializing ProtocolHandler ["http-nio-8081"] 
14/06/2025 20:19:27 INFO  o.a.c.c.StandardService - Starting service [Tomcat] 
14/06/2025 20:19:27 INFO  o.a.c.c.StandardEngine - Starting Servlet engine: [Apache Tomcat/10.1.41] 
14/06/2025 20:19:27 INFO  o.a.c.c.C.[.[.[/] - Initializing Spring embedded WebApplicationContext 
14/06/2025 20:19:27 INFO  o.s.b.w.s.c.ServletWebServerApplicationContext - Root WebApplicationContext: initialization completed in 1737 ms 
14/06/2025 20:19:27 INFO  o.s.a.r.c.CachingConnectionFactory - Attempting to connect to: [localhost:5672] 
14/06/2025 20:19:27 INFO  o.s.a.r.c.CachingConnectionFactory - Created new connection: rabbitConnectionFactory#e435057:0/SimpleConnection@5e56df3c [delegate=amqp://rabbitmq@127.0.0.1:5672/, localPort=56144] 
14/06/2025 20:19:28 INFO  o.s.b.d.a.OptionalLiveReloadServer - LiveReload server is running on port 35729 
14/06/2025 20:19:28 INFO  o.a.c.h.Http11NioProtocol - Starting ProtocolHandler ["http-nio-8081"] 
14/06/2025 20:19:28 INFO  o.s.b.w.e.t.TomcatWebServer - Tomcat started on port 8081 (http) with context path '/' 
14/06/2025 20:19:28 INFO  b.c.g.p.t.p.TextProcessorServiceApplication - Started TextProcessorServiceApplication in 3.329 seconds (process running for 4.047) 
14/06/2025 20:21:54 INFO  o.s.b.d.a.LocalDevToolsAutoConfiguration$RestartingClassPathChangeChangedEventListener - Restarting due to 1 class path change (0 additions, 1 deletion, 0 modifications) 
14/06/2025 20:21:54 INFO  o.s.b.w.e.t.GracefulShutdown - Commencing graceful shutdown. Waiting for active requests to complete 
14/06/2025 20:21:54 INFO  o.a.c.h.Http11NioProtocol - Pausing ProtocolHandler ["http-nio-8081"] 
14/06/2025 20:21:54 INFO  o.s.b.w.e.t.GracefulShutdown - Graceful shutdown complete 
14/06/2025 20:21:54 INFO  o.a.c.h.Http11NioProtocol - Stopping ProtocolHandler ["http-nio-8081"] 
14/06/2025 20:21:54 INFO  b.c.g.p.t.p.TextProcessorServiceApplication - Starting TextProcessorServiceApplication using Java 17.0.15 with PID 56348 (/home/guntz/dev/projects/spring/ems/guntz-posts/microservices/text-processor-service/target/classes started by guntz in /home/guntz/dev/projects/spring/ems/guntz-posts) 
14/06/2025 20:21:54 INFO  b.c.g.p.t.p.TextProcessorServiceApplication - No active profile set, falling back to 1 default profile: "default" 
14/06/2025 20:21:55 INFO  o.s.b.w.e.t.TomcatWebServer - Tomcat initialized with port 8081 (http) 
14/06/2025 20:21:55 INFO  o.a.c.h.Http11NioProtocol - Initializing ProtocolHandler ["http-nio-8081"] 
14/06/2025 20:21:55 INFO  o.a.c.c.StandardService - Starting service [Tomcat] 
14/06/2025 20:21:55 INFO  o.a.c.c.StandardEngine - Starting Servlet engine: [Apache Tomcat/10.1.41] 
14/06/2025 20:21:55 INFO  o.a.c.c.C.[.[.[/] - Initializing Spring embedded WebApplicationContext 
14/06/2025 20:21:55 INFO  o.s.b.w.s.c.ServletWebServerApplicationContext - Root WebApplicationContext: initialization completed in 376 ms 
14/06/2025 20:21:55 INFO  o.s.a.r.c.CachingConnectionFactory - Attempting to connect to: [localhost:5672] 
14/06/2025 20:21:55 INFO  o.s.a.r.c.CachingConnectionFactory - Created new connection: rabbitConnectionFactory#7c259238:0/SimpleConnection@15bb9418 [delegate=amqp://rabbitmq@127.0.0.1:5672/, localPort=37650] 
14/06/2025 20:21:55 INFO  o.s.b.d.a.OptionalLiveReloadServer - LiveReload server is running on port 35729 
14/06/2025 20:21:55 INFO  o.a.c.h.Http11NioProtocol - Starting ProtocolHandler ["http-nio-8081"] 
14/06/2025 20:21:55 INFO  o.s.b.w.e.t.TomcatWebServer - Tomcat started on port 8081 (http) with context path '/' 
14/06/2025 20:21:55 INFO  b.c.g.p.t.p.TextProcessorServiceApplication - Started TextProcessorServiceApplication in 0.782 seconds (process running for 151.399) 
14/06/2025 20:21:55 INFO  o.s.b.d.a.ConditionEvaluationDeltaLoggingListener - Condition evaluation unchanged 
14/06/2025 20:21:56 INFO  o.s.b.d.a.LocalDevToolsAutoConfiguration$RestartingClassPathChangeChangedEventListener - Restarting due to 1 class path change (1 addition, 0 deletions, 0 modifications) 
14/06/2025 20:21:56 INFO  o.s.b.w.e.t.GracefulShutdown - Commencing graceful shutdown. Waiting for active requests to complete 
14/06/2025 20:21:56 INFO  o.a.c.h.Http11NioProtocol - Pausing ProtocolHandler ["http-nio-8081"] 
14/06/2025 20:21:56 INFO  o.s.b.w.e.t.GracefulShutdown - Graceful shutdown complete 
14/06/2025 20:21:56 INFO  o.a.c.h.Http11NioProtocol - Stopping ProtocolHandler ["http-nio-8081"] 
14/06/2025 20:21:56 INFO  b.c.g.p.t.p.TextProcessorServiceApplication - Starting TextProcessorServiceApplication using Java 17.0.15 with PID 56348 (/home/guntz/dev/projects/spring/ems/guntz-posts/microservices/text-processor-service/target/classes started by guntz in /home/guntz/dev/projects/spring/ems/guntz-posts) 
14/06/2025 20:21:56 INFO  b.c.g.p.t.p.TextProcessorServiceApplication - No active profile set, falling back to 1 default profile: "default" 
14/06/2025 20:21:57 INFO  o.s.b.w.e.t.TomcatWebServer - Tomcat initialized with port 8081 (http) 
14/06/2025 20:21:57 INFO  o.a.c.h.Http11NioProtocol - Initializing ProtocolHandler ["http-nio-8081"] 
14/06/2025 20:21:57 INFO  o.a.c.c.StandardService - Starting service [Tomcat] 
14/06/2025 20:21:57 INFO  o.a.c.c.StandardEngine - Starting Servlet engine: [Apache Tomcat/10.1.41] 
14/06/2025 20:21:57 INFO  o.a.c.c.C.[.[.[/] - Initializing Spring embedded WebApplicationContext 
14/06/2025 20:21:57 INFO  o.s.b.w.s.c.ServletWebServerApplicationContext - Root WebApplicationContext: initialization completed in 236 ms 
14/06/2025 20:21:57 INFO  o.s.a.r.c.CachingConnectionFactory - Attempting to connect to: [localhost:5672] 
14/06/2025 20:21:57 INFO  o.s.a.r.c.CachingConnectionFactory - Created new connection: rabbitConnectionFactory#7abbcb8b:0/SimpleConnection@3890a60c [delegate=amqp://rabbitmq@127.0.0.1:5672/, localPort=37658] 
14/06/2025 20:21:57 INFO  o.s.b.d.a.OptionalLiveReloadServer - LiveReload server is running on port 35729 
14/06/2025 20:21:57 INFO  o.a.c.h.Http11NioProtocol - Starting ProtocolHandler ["http-nio-8081"] 
14/06/2025 20:21:57 INFO  o.s.b.w.e.t.TomcatWebServer - Tomcat started on port 8081 (http) with context path '/' 
14/06/2025 20:21:57 INFO  b.c.g.p.t.p.TextProcessorServiceApplication - Started TextProcessorServiceApplication in 0.437 seconds (process running for 153.19) 
14/06/2025 20:21:57 INFO  o.s.b.d.a.ConditionEvaluationDeltaLoggingListener - Condition evaluation unchanged 
14/06/2025 20:22:22 INFO  o.s.b.w.e.t.GracefulShutdown - Commencing graceful shutdown. Waiting for active requests to complete 
14/06/2025 20:22:22 INFO  o.s.b.w.e.t.GracefulShutdown - Graceful shutdown complete 
14/06/2025 20:22:26 INFO  o.h.v.i.u.Version - HV000001: Hibernate Validator 8.0.2.Final 
14/06/2025 20:22:26 INFO  b.c.g.p.t.p.TextProcessorServiceApplication - Starting TextProcessorServiceApplication using Java 17.0.15 with PID 57790 (/home/guntz/dev/projects/spring/ems/guntz-posts/microservices/text-processor-service/target/classes started by guntz in /home/guntz/dev/projects/spring/ems/guntz-posts) 
14/06/2025 20:22:26 INFO  b.c.g.p.t.p.TextProcessorServiceApplication - No active profile set, falling back to 1 default profile: "default" 
14/06/2025 20:22:26 INFO  o.s.b.d.e.DevToolsPropertyDefaultsPostProcessor - Devtools property defaults active! Set 'spring.devtools.add-properties' to 'false' to disable 
14/06/2025 20:22:26 INFO  o.s.b.d.e.DevToolsPropertyDefaultsPostProcessor - For additional web related logging consider setting the 'logging.level.web' property to 'DEBUG' 
14/06/2025 20:22:27 INFO  o.s.b.w.e.t.TomcatWebServer - Tomcat initialized with port 8081 (http) 
14/06/2025 20:22:27 INFO  o.a.c.h.Http11NioProtocol - Initializing ProtocolHandler ["http-nio-8081"] 
14/06/2025 20:22:27 INFO  o.a.c.c.StandardService - Starting service [Tomcat] 
14/06/2025 20:22:27 INFO  o.a.c.c.StandardEngine - Starting Servlet engine: [Apache Tomcat/10.1.41] 
14/06/2025 20:22:28 INFO  o.a.c.c.C.[.[.[/] - Initializing Spring embedded WebApplicationContext 
14/06/2025 20:22:28 INFO  o.s.b.w.s.c.ServletWebServerApplicationContext - Root WebApplicationContext: initialization completed in 1404 ms 
14/06/2025 20:22:28 INFO  o.s.a.r.c.CachingConnectionFactory - Attempting to connect to: [localhost:5672] 
14/06/2025 20:22:28 INFO  o.s.a.r.c.CachingConnectionFactory - Created new connection: rabbitConnectionFactory#73b38c03:0/SimpleConnection@5d399a05 [delegate=amqp://rabbitmq@127.0.0.1:5672/, localPort=49216] 
14/06/2025 20:22:28 ERROR o.s.a.r.c.CachingConnectionFactory - Shutdown Signal: channel error; protocol method: #method<channel.close>(reply-code=406, reply-text=PRECONDITION_FAILED - inequivalent arg 'x-dead-letter-exchange' for queue 'text-processor-service.post-processing.v1.q' in vhost '/': received the value '' of type 'longstr' but current is none, class-id=50, method-id=10) 
14/06/2025 20:22:28 INFO  o.s.b.d.a.OptionalLiveReloadServer - LiveReload server is running on port 35729 
14/06/2025 20:22:29 ERROR o.s.a.r.c.CachingConnectionFactory - Shutdown Signal: channel error; protocol method: #method<channel.close>(reply-code=406, reply-text=PRECONDITION_FAILED - inequivalent arg 'x-dead-letter-exchange' for queue 'text-processor-service.post-processing.v1.q' in vhost '/': received the value '' of type 'longstr' but current is none, class-id=50, method-id=10) 
14/06/2025 20:22:31 ERROR o.s.a.r.c.CachingConnectionFactory - Shutdown Signal: channel error; protocol method: #method<channel.close>(reply-code=406, reply-text=PRECONDITION_FAILED - inequivalent arg 'x-dead-letter-exchange' for queue 'text-processor-service.post-processing.v1.q' in vhost '/': received the value '' of type 'longstr' but current is none, class-id=50, method-id=10) 
14/06/2025 20:22:35 ERROR o.s.a.r.c.CachingConnectionFactory - Shutdown Signal: channel error; protocol method: #method<channel.close>(reply-code=406, reply-text=PRECONDITION_FAILED - inequivalent arg 'x-dead-letter-exchange' for queue 'text-processor-service.post-processing.v1.q' in vhost '/': received the value '' of type 'longstr' but current is none, class-id=50, method-id=10) 
14/06/2025 20:22:40 ERROR o.s.a.r.c.CachingConnectionFactory - Shutdown Signal: channel error; protocol method: #method<channel.close>(reply-code=406, reply-text=PRECONDITION_FAILED - inequivalent arg 'x-dead-letter-exchange' for queue 'text-processor-service.post-processing.v1.q' in vhost '/': received the value '' of type 'longstr' but current is none, class-id=50, method-id=10) 
14/06/2025 20:22:40 WARN  o.s.b.w.s.c.AnnotationConfigServletWebServerApplicationContext - Exception encountered during context initialization - cancelling refresh attempt: org.springframework.beans.factory.BeanCreationException: Error creating bean with name 'rabbitmqInitializer': Invocation of init method failed 
14/06/2025 20:22:40 INFO  o.a.c.c.StandardService - Stopping service [Tomcat] 
14/06/2025 20:22:40 INFO  o.s.b.a.l.ConditionEvaluationReportLogger - 

Error starting ApplicationContext. To display the condition evaluation report re-run your application with 'debug' enabled. 
14/06/2025 20:22:40 ERROR o.s.b.SpringApplication - Application run failed 
org.springframework.beans.factory.BeanCreationException: Error creating bean with name 'rabbitmqInitializer': Invocation of init method failed
	at org.springframework.beans.factory.annotation.InitDestroyAnnotationBeanPostProcessor.postProcessBeforeInitialization(InitDestroyAnnotationBeanPostProcessor.java:222)
	at org.springframework.beans.factory.support.AbstractAutowireCapableBeanFactory.applyBeanPostProcessorsBeforeInitialization(AbstractAutowireCapableBeanFactory.java:429)
	at org.springframework.beans.factory.support.AbstractAutowireCapableBeanFactory.initializeBean(AbstractAutowireCapableBeanFactory.java:1818)
	at org.springframework.beans.factory.support.AbstractAutowireCapableBeanFactory.doCreateBean(AbstractAutowireCapableBeanFactory.java:607)
	at org.springframework.beans.factory.support.AbstractAutowireCapableBeanFactory.createBean(AbstractAutowireCapableBeanFactory.java:529)
	at org.springframework.beans.factory.support.AbstractBeanFactory.lambda$doGetBean$0(AbstractBeanFactory.java:339)
	at org.springframework.beans.factory.support.DefaultSingletonBeanRegistry.getSingleton(DefaultSingletonBeanRegistry.java:373)
	at org.springframework.beans.factory.support.AbstractBeanFactory.doGetBean(AbstractBeanFactory.java:337)
	at org.springframework.beans.factory.support.AbstractBeanFactory.getBean(AbstractBeanFactory.java:202)
	at org.springframework.beans.factory.support.DefaultListableBeanFactory.instantiateSingleton(DefaultListableBeanFactory.java:1222)
	at org.springframework.beans.factory.support.DefaultListableBeanFactory.preInstantiateSingleton(DefaultListableBeanFactory.java:1188)
	at org.springframework.beans.factory.support.DefaultListableBeanFactory.preInstantiateSingletons(DefaultListableBeanFactory.java:1123)
	at org.springframework.context.support.AbstractApplicationContext.finishBeanFactoryInitialization(AbstractApplicationContext.java:987)
	at org.springframework.context.support.AbstractApplicationContext.refresh(AbstractApplicationContext.java:627)
	at org.springframework.boot.web.servlet.context.ServletWebServerApplicationContext.refresh(ServletWebServerApplicationContext.java:146)
	at org.springframework.boot.SpringApplication.refresh(SpringApplication.java:753)
	at org.springframework.boot.SpringApplication.refreshContext(SpringApplication.java:439)
	at org.springframework.boot.SpringApplication.run(SpringApplication.java:318)
	at org.springframework.boot.SpringApplication.run(SpringApplication.java:1362)
	at org.springframework.boot.SpringApplication.run(SpringApplication.java:1351)
	at br.com.guntz.posts.text.processor.TextProcessorServiceApplication.main(TextProcessorServiceApplication.java:10)
	at java.base/jdk.internal.reflect.NativeMethodAccessorImpl.invoke0(Native Method)
	at java.base/jdk.internal.reflect.NativeMethodAccessorImpl.invoke(NativeMethodAccessorImpl.java:77)
	at java.base/jdk.internal.reflect.DelegatingMethodAccessorImpl.invoke(DelegatingMethodAccessorImpl.java:43)
	at java.base/java.lang.reflect.Method.invoke(Method.java:569)
	at org.springframework.boot.devtools.restart.RestartLauncher.run(RestartLauncher.java:50)
Caused by: org.springframework.amqp.AmqpIOException: java.io.IOException
	at org.springframework.amqp.rabbit.support.RabbitExceptionTranslator.convertRabbitAccessException(RabbitExceptionTranslator.java:70)
	at org.springframework.amqp.rabbit.connection.RabbitAccessor.convertRabbitAccessException(RabbitAccessor.java:118)
	at org.springframework.amqp.rabbit.core.RabbitTemplate.doExecute(RabbitTemplate.java:2289)
	at org.springframework.amqp.rabbit.core.RabbitTemplate.execute(RabbitTemplate.java:2235)
	at org.springframework.amqp.rabbit.core.RabbitTemplate.execute(RabbitTemplate.java:2215)
	at org.springframework.amqp.rabbit.core.RabbitAdmin.redeclareBeanDeclarables(RabbitAdmin.java:705)
	at org.springframework.amqp.rabbit.core.RabbitAdmin.initialize(RabbitAdmin.java:651)
	at org.springframework.amqp.rabbit.core.RabbitAdmin.lambda$afterPropertiesSet$14(RabbitAdmin.java:623)
	at org.springframework.retry.support.RetryTemplate.doExecute(RetryTemplate.java:357)
	at org.springframework.retry.support.RetryTemplate.execute(RetryTemplate.java:230)
	at org.springframework.amqp.rabbit.core.RabbitAdmin.lambda$afterPropertiesSet$15(RabbitAdmin.java:622)
	at org.springframework.amqp.rabbit.connection.CompositeConnectionListener.lambda$onCreate$0(CompositeConnectionListener.java:39)
	at java.base/java.util.concurrent.CopyOnWriteArrayList.forEach(CopyOnWriteArrayList.java:807)
	at org.springframework.amqp.rabbit.connection.CompositeConnectionListener.onCreate(CompositeConnectionListener.java:39)
	at org.springframework.amqp.rabbit.connection.CachingConnectionFactory.createConnection(CachingConnectionFactory.java:732)
	at org.springframework.amqp.rabbit.connection.ConnectionFactoryUtils.createConnection(ConnectionFactoryUtils.java:257)
	at org.springframework.amqp.rabbit.core.RabbitTemplate.doExecute(RabbitTemplate.java:2262)
	at org.springframework.amqp.rabbit.core.RabbitTemplate.execute(RabbitTemplate.java:2235)
	at org.springframework.amqp.rabbit.core.RabbitTemplate.execute(RabbitTemplate.java:2215)
	at org.springframework.amqp.rabbit.core.RabbitAdmin.redeclareBeanDeclarables(RabbitAdmin.java:705)
	at org.springframework.amqp.rabbit.core.RabbitAdmin.initialize(RabbitAdmin.java:651)
	at br.com.guntz.posts.text.processor.infrastructure.rabbitmq.RabbitmqInitializer.init(RabbitmqInitializer.java:16)
	at java.base/jdk.internal.reflect.NativeMethodAccessorImpl.invoke0(Native Method)
	at java.base/jdk.internal.reflect.NativeMethodAccessorImpl.invoke(NativeMethodAccessorImpl.java:77)
	at java.base/jdk.internal.reflect.DelegatingMethodAccessorImpl.invoke(DelegatingMethodAccessorImpl.java:43)
	at java.base/java.lang.reflect.Method.invoke(Method.java:569)
	at org.springframework.beans.factory.annotation.InitDestroyAnnotationBeanPostProcessor$LifecycleMethod.invoke(InitDestroyAnnotationBeanPostProcessor.java:457)
	at org.springframework.beans.factory.annotation.InitDestroyAnnotationBeanPostProcessor$LifecycleMetadata.invokeInitMethods(InitDestroyAnnotationBeanPostProcessor.java:401)
	at org.springframework.beans.factory.annotation.InitDestroyAnnotationBeanPostProcessor.postProcessBeforeInitialization(InitDestroyAnnotationBeanPostProcessor.java:219)
	... 25 common frames omitted
Caused by: java.io.IOException: null
	at com.rabbitmq.client.impl.AMQChannel.wrap(AMQChannel.java:140)
	at com.rabbitmq.client.impl.AMQChannel.wrap(AMQChannel.java:136)
	at com.rabbitmq.client.impl.AMQChannel.exnWrappingRpc(AMQChannel.java:158)
	at com.rabbitmq.client.impl.ChannelN.queueDeclare(ChannelN.java:989)
	at com.rabbitmq.client.impl.ChannelN.queueDeclare(ChannelN.java:47)
	at java.base/jdk.internal.reflect.NativeMethodAccessorImpl.invoke0(Native Method)
	at java.base/jdk.internal.reflect.NativeMethodAccessorImpl.invoke(NativeMethodAccessorImpl.java:77)
	at java.base/jdk.internal.reflect.DelegatingMethodAccessorImpl.invoke(DelegatingMethodAccessorImpl.java:43)
	at java.base/java.lang.reflect.Method.invoke(Method.java:569)
	at org.springframework.amqp.rabbit.connection.CachingConnectionFactory$CachedChannelInvocationHandler.invoke(CachingConnectionFactory.java:1201)
	at jdk.proxy2/jdk.proxy2.$Proxy62.queueDeclare(Unknown Source)
	at org.springframework.amqp.rabbit.core.RabbitAdmin.declareQueues(RabbitAdmin.java:851)
	at org.springframework.amqp.rabbit.core.RabbitAdmin.lambda$redeclareBeanDeclarables$16(RabbitAdmin.java:707)
	at org.springframework.amqp.rabbit.core.RabbitTemplate.invokeAction(RabbitTemplate.java:2322)
	at org.springframework.amqp.rabbit.core.RabbitTemplate.doExecute(RabbitTemplate.java:2283)
	... 51 common frames omitted
Caused by: com.rabbitmq.client.ShutdownSignalException: channel error; protocol method: #method<channel.close>(reply-code=406, reply-text=PRECONDITION_FAILED - inequivalent arg 'x-dead-letter-exchange' for queue 'text-processor-service.post-processing.v1.q' in vhost '/': received the value '' of type 'longstr' but current is none, class-id=50, method-id=10)
	at com.rabbitmq.utility.ValueOrException.getValue(ValueOrException.java:66)
	at com.rabbitmq.utility.BlockingValueOrException.uninterruptibleGetValue(BlockingValueOrException.java:36)
	at com.rabbitmq.client.impl.AMQChannel$BlockingRpcContinuation.getReply(AMQChannel.java:552)
	at com.rabbitmq.client.impl.AMQChannel.privateRpc(AMQChannel.java:316)
	at com.rabbitmq.client.impl.AMQChannel.exnWrappingRpc(AMQChannel.java:152)
	... 63 common frames omitted
Caused by: com.rabbitmq.client.ShutdownSignalException: channel error; protocol method: #method<channel.close>(reply-code=406, reply-text=PRECONDITION_FAILED - inequivalent arg 'x-dead-letter-exchange' for queue 'text-processor-service.post-processing.v1.q' in vhost '/': received the value '' of type 'longstr' but current is none, class-id=50, method-id=10)
	at com.rabbitmq.client.impl.ChannelN.asyncShutdown(ChannelN.java:528)
	at com.rabbitmq.client.impl.ChannelN.processAsync(ChannelN.java:349)
	at com.rabbitmq.client.impl.AMQChannel.handleCompleteInboundCommand(AMQChannel.java:193)
	at com.rabbitmq.client.impl.AMQChannel.handleFrame(AMQChannel.java:125)
	at com.rabbitmq.client.impl.AMQConnection.readFrame(AMQConnection.java:761)
	at com.rabbitmq.client.impl.AMQConnection.access$400(AMQConnection.java:48)
	at com.rabbitmq.client.impl.AMQConnection$MainLoop.run(AMQConnection.java:688)
	at java.base/java.lang.Thread.run(Thread.java:840)
14/06/2025 20:23:22 INFO  o.h.v.i.u.Version - HV000001: Hibernate Validator 8.0.2.Final 
14/06/2025 20:23:22 INFO  b.c.g.p.t.p.TextProcessorServiceApplication - Starting TextProcessorServiceApplication using Java 17.0.15 with PID 58266 (/home/guntz/dev/projects/spring/ems/guntz-posts/microservices/text-processor-service/target/classes started by guntz in /home/guntz/dev/projects/spring/ems/guntz-posts) 
14/06/2025 20:23:22 INFO  b.c.g.p.t.p.TextProcessorServiceApplication - No active profile set, falling back to 1 default profile: "default" 
14/06/2025 20:23:22 INFO  o.s.b.d.e.DevToolsPropertyDefaultsPostProcessor - Devtools property defaults active! Set 'spring.devtools.add-properties' to 'false' to disable 
14/06/2025 20:23:22 INFO  o.s.b.d.e.DevToolsPropertyDefaultsPostProcessor - For additional web related logging consider setting the 'logging.level.web' property to 'DEBUG' 
14/06/2025 20:23:24 INFO  o.s.b.w.e.t.TomcatWebServer - Tomcat initialized with port 8081 (http) 
14/06/2025 20:23:24 INFO  o.a.c.h.Http11NioProtocol - Initializing ProtocolHandler ["http-nio-8081"] 
14/06/2025 20:23:24 INFO  o.a.c.c.StandardService - Starting service [Tomcat] 
14/06/2025 20:23:24 INFO  o.a.c.c.StandardEngine - Starting Servlet engine: [Apache Tomcat/10.1.41] 
14/06/2025 20:23:24 INFO  o.a.c.c.C.[.[.[/] - Initializing Spring embedded WebApplicationContext 
14/06/2025 20:23:24 INFO  o.s.b.w.s.c.ServletWebServerApplicationContext - Root WebApplicationContext: initialization completed in 1610 ms 
14/06/2025 20:23:24 INFO  o.s.a.r.c.CachingConnectionFactory - Attempting to connect to: [localhost:5672] 
14/06/2025 20:23:24 INFO  o.s.a.r.c.CachingConnectionFactory - Created new connection: rabbitConnectionFactory#4d2edaef:0/SimpleConnection@d990c87 [delegate=amqp://rabbitmq@127.0.0.1:5672/, localPort=57914] 
14/06/2025 20:23:24 ERROR o.s.a.r.c.CachingConnectionFactory - Shutdown Signal: channel error; protocol method: #method<channel.close>(reply-code=406, reply-text=PRECONDITION_FAILED - inequivalent arg 'x-dead-letter-exchange' for queue 'text-processor-service.post-processing.v1.q' in vhost '/': received the value '' of type 'longstr' but current is none, class-id=50, method-id=10) 
14/06/2025 20:23:24 INFO  o.s.b.d.a.OptionalLiveReloadServer - LiveReload server is running on port 35729 
14/06/2025 20:23:25 ERROR o.s.a.r.c.CachingConnectionFactory - Shutdown Signal: channel error; protocol method: #method<channel.close>(reply-code=406, reply-text=PRECONDITION_FAILED - inequivalent arg 'x-dead-letter-exchange' for queue 'text-processor-service.post-processing.v1.q' in vhost '/': received the value '' of type 'longstr' but current is none, class-id=50, method-id=10) 
14/06/2025 20:23:27 ERROR o.s.a.r.c.CachingConnectionFactory - Shutdown Signal: channel error; protocol method: #method<channel.close>(reply-code=406, reply-text=PRECONDITION_FAILED - inequivalent arg 'x-dead-letter-exchange' for queue 'text-processor-service.post-processing.v1.q' in vhost '/': received the value '' of type 'longstr' but current is none, class-id=50, method-id=10) 
14/06/2025 20:23:31 ERROR o.s.a.r.c.CachingConnectionFactory - Shutdown Signal: channel error; protocol method: #method<channel.close>(reply-code=406, reply-text=PRECONDITION_FAILED - inequivalent arg 'x-dead-letter-exchange' for queue 'text-processor-service.post-processing.v1.q' in vhost '/': received the value '' of type 'longstr' but current is none, class-id=50, method-id=10) 
14/06/2025 20:23:36 ERROR o.s.a.r.c.CachingConnectionFactory - Shutdown Signal: channel error; protocol method: #method<channel.close>(reply-code=406, reply-text=PRECONDITION_FAILED - inequivalent arg 'x-dead-letter-exchange' for queue 'text-processor-service.post-processing.v1.q' in vhost '/': received the value '' of type 'longstr' but current is none, class-id=50, method-id=10) 
14/06/2025 20:23:36 WARN  o.s.b.w.s.c.AnnotationConfigServletWebServerApplicationContext - Exception encountered during context initialization - cancelling refresh attempt: org.springframework.beans.factory.BeanCreationException: Error creating bean with name 'rabbitmqInitializer': Invocation of init method failed 
14/06/2025 20:23:36 INFO  o.a.c.c.StandardService - Stopping service [Tomcat] 
14/06/2025 20:23:36 INFO  o.s.b.a.l.ConditionEvaluationReportLogger - 

Error starting ApplicationContext. To display the condition evaluation report re-run your application with 'debug' enabled. 
14/06/2025 20:23:36 ERROR o.s.b.SpringApplication - Application run failed 
org.springframework.beans.factory.BeanCreationException: Error creating bean with name 'rabbitmqInitializer': Invocation of init method failed
	at org.springframework.beans.factory.annotation.InitDestroyAnnotationBeanPostProcessor.postProcessBeforeInitialization(InitDestroyAnnotationBeanPostProcessor.java:222)
	at org.springframework.beans.factory.support.AbstractAutowireCapableBeanFactory.applyBeanPostProcessorsBeforeInitialization(AbstractAutowireCapableBeanFactory.java:429)
	at org.springframework.beans.factory.support.AbstractAutowireCapableBeanFactory.initializeBean(AbstractAutowireCapableBeanFactory.java:1818)
	at org.springframework.beans.factory.support.AbstractAutowireCapableBeanFactory.doCreateBean(AbstractAutowireCapableBeanFactory.java:607)
	at org.springframework.beans.factory.support.AbstractAutowireCapableBeanFactory.createBean(AbstractAutowireCapableBeanFactory.java:529)
	at org.springframework.beans.factory.support.AbstractBeanFactory.lambda$doGetBean$0(AbstractBeanFactory.java:339)
	at org.springframework.beans.factory.support.DefaultSingletonBeanRegistry.getSingleton(DefaultSingletonBeanRegistry.java:373)
	at org.springframework.beans.factory.support.AbstractBeanFactory.doGetBean(AbstractBeanFactory.java:337)
	at org.springframework.beans.factory.support.AbstractBeanFactory.getBean(AbstractBeanFactory.java:202)
	at org.springframework.beans.factory.support.DefaultListableBeanFactory.instantiateSingleton(DefaultListableBeanFactory.java:1222)
	at org.springframework.beans.factory.support.DefaultListableBeanFactory.preInstantiateSingleton(DefaultListableBeanFactory.java:1188)
	at org.springframework.beans.factory.support.DefaultListableBeanFactory.preInstantiateSingletons(DefaultListableBeanFactory.java:1123)
	at org.springframework.context.support.AbstractApplicationContext.finishBeanFactoryInitialization(AbstractApplicationContext.java:987)
	at org.springframework.context.support.AbstractApplicationContext.refresh(AbstractApplicationContext.java:627)
	at org.springframework.boot.web.servlet.context.ServletWebServerApplicationContext.refresh(ServletWebServerApplicationContext.java:146)
	at org.springframework.boot.SpringApplication.refresh(SpringApplication.java:753)
	at org.springframework.boot.SpringApplication.refreshContext(SpringApplication.java:439)
	at org.springframework.boot.SpringApplication.run(SpringApplication.java:318)
	at org.springframework.boot.SpringApplication.run(SpringApplication.java:1362)
	at org.springframework.boot.SpringApplication.run(SpringApplication.java:1351)
	at br.com.guntz.posts.text.processor.TextProcessorServiceApplication.main(TextProcessorServiceApplication.java:10)
	at java.base/jdk.internal.reflect.NativeMethodAccessorImpl.invoke0(Native Method)
	at java.base/jdk.internal.reflect.NativeMethodAccessorImpl.invoke(NativeMethodAccessorImpl.java:77)
	at java.base/jdk.internal.reflect.DelegatingMethodAccessorImpl.invoke(DelegatingMethodAccessorImpl.java:43)
	at java.base/java.lang.reflect.Method.invoke(Method.java:569)
	at org.springframework.boot.devtools.restart.RestartLauncher.run(RestartLauncher.java:50)
Caused by: org.springframework.amqp.AmqpIOException: java.io.IOException
	at org.springframework.amqp.rabbit.support.RabbitExceptionTranslator.convertRabbitAccessException(RabbitExceptionTranslator.java:70)
	at org.springframework.amqp.rabbit.connection.RabbitAccessor.convertRabbitAccessException(RabbitAccessor.java:118)
	at org.springframework.amqp.rabbit.core.RabbitTemplate.doExecute(RabbitTemplate.java:2289)
	at org.springframework.amqp.rabbit.core.RabbitTemplate.execute(RabbitTemplate.java:2235)
	at org.springframework.amqp.rabbit.core.RabbitTemplate.execute(RabbitTemplate.java:2215)
	at org.springframework.amqp.rabbit.core.RabbitAdmin.redeclareBeanDeclarables(RabbitAdmin.java:705)
	at org.springframework.amqp.rabbit.core.RabbitAdmin.initialize(RabbitAdmin.java:651)
	at org.springframework.amqp.rabbit.core.RabbitAdmin.lambda$afterPropertiesSet$14(RabbitAdmin.java:623)
	at org.springframework.retry.support.RetryTemplate.doExecute(RetryTemplate.java:357)
	at org.springframework.retry.support.RetryTemplate.execute(RetryTemplate.java:230)
	at org.springframework.amqp.rabbit.core.RabbitAdmin.lambda$afterPropertiesSet$15(RabbitAdmin.java:622)
	at org.springframework.amqp.rabbit.connection.CompositeConnectionListener.lambda$onCreate$0(CompositeConnectionListener.java:39)
	at java.base/java.util.concurrent.CopyOnWriteArrayList.forEach(CopyOnWriteArrayList.java:807)
	at org.springframework.amqp.rabbit.connection.CompositeConnectionListener.onCreate(CompositeConnectionListener.java:39)
	at org.springframework.amqp.rabbit.connection.CachingConnectionFactory.createConnection(CachingConnectionFactory.java:732)
	at org.springframework.amqp.rabbit.connection.ConnectionFactoryUtils.createConnection(ConnectionFactoryUtils.java:257)
	at org.springframework.amqp.rabbit.core.RabbitTemplate.doExecute(RabbitTemplate.java:2262)
	at org.springframework.amqp.rabbit.core.RabbitTemplate.execute(RabbitTemplate.java:2235)
	at org.springframework.amqp.rabbit.core.RabbitTemplate.execute(RabbitTemplate.java:2215)
	at org.springframework.amqp.rabbit.core.RabbitAdmin.redeclareBeanDeclarables(RabbitAdmin.java:705)
	at org.springframework.amqp.rabbit.core.RabbitAdmin.initialize(RabbitAdmin.java:651)
	at br.com.guntz.posts.text.processor.infrastructure.rabbitmq.RabbitmqInitializer.init(RabbitmqInitializer.java:16)
	at java.base/jdk.internal.reflect.NativeMethodAccessorImpl.invoke0(Native Method)
	at java.base/jdk.internal.reflect.NativeMethodAccessorImpl.invoke(NativeMethodAccessorImpl.java:77)
	at java.base/jdk.internal.reflect.DelegatingMethodAccessorImpl.invoke(DelegatingMethodAccessorImpl.java:43)
	at java.base/java.lang.reflect.Method.invoke(Method.java:569)
	at org.springframework.beans.factory.annotation.InitDestroyAnnotationBeanPostProcessor$LifecycleMethod.invoke(InitDestroyAnnotationBeanPostProcessor.java:457)
	at org.springframework.beans.factory.annotation.InitDestroyAnnotationBeanPostProcessor$LifecycleMetadata.invokeInitMethods(InitDestroyAnnotationBeanPostProcessor.java:401)
	at org.springframework.beans.factory.annotation.InitDestroyAnnotationBeanPostProcessor.postProcessBeforeInitialization(InitDestroyAnnotationBeanPostProcessor.java:219)
	... 25 common frames omitted
Caused by: java.io.IOException: null
	at com.rabbitmq.client.impl.AMQChannel.wrap(AMQChannel.java:140)
	at com.rabbitmq.client.impl.AMQChannel.wrap(AMQChannel.java:136)
	at com.rabbitmq.client.impl.AMQChannel.exnWrappingRpc(AMQChannel.java:158)
	at com.rabbitmq.client.impl.ChannelN.queueDeclare(ChannelN.java:989)
	at com.rabbitmq.client.impl.ChannelN.queueDeclare(ChannelN.java:47)
	at java.base/jdk.internal.reflect.NativeMethodAccessorImpl.invoke0(Native Method)
	at java.base/jdk.internal.reflect.NativeMethodAccessorImpl.invoke(NativeMethodAccessorImpl.java:77)
	at java.base/jdk.internal.reflect.DelegatingMethodAccessorImpl.invoke(DelegatingMethodAccessorImpl.java:43)
	at java.base/java.lang.reflect.Method.invoke(Method.java:569)
	at org.springframework.amqp.rabbit.connection.CachingConnectionFactory$CachedChannelInvocationHandler.invoke(CachingConnectionFactory.java:1201)
	at jdk.proxy2/jdk.proxy2.$Proxy62.queueDeclare(Unknown Source)
	at org.springframework.amqp.rabbit.core.RabbitAdmin.declareQueues(RabbitAdmin.java:851)
	at org.springframework.amqp.rabbit.core.RabbitAdmin.lambda$redeclareBeanDeclarables$16(RabbitAdmin.java:707)
	at org.springframework.amqp.rabbit.core.RabbitTemplate.invokeAction(RabbitTemplate.java:2322)
	at org.springframework.amqp.rabbit.core.RabbitTemplate.doExecute(RabbitTemplate.java:2283)
	... 51 common frames omitted
Caused by: com.rabbitmq.client.ShutdownSignalException: channel error; protocol method: #method<channel.close>(reply-code=406, reply-text=PRECONDITION_FAILED - inequivalent arg 'x-dead-letter-exchange' for queue 'text-processor-service.post-processing.v1.q' in vhost '/': received the value '' of type 'longstr' but current is none, class-id=50, method-id=10)
	at com.rabbitmq.utility.ValueOrException.getValue(ValueOrException.java:66)
	at com.rabbitmq.utility.BlockingValueOrException.uninterruptibleGetValue(BlockingValueOrException.java:36)
	at com.rabbitmq.client.impl.AMQChannel$BlockingRpcContinuation.getReply(AMQChannel.java:552)
	at com.rabbitmq.client.impl.AMQChannel.privateRpc(AMQChannel.java:316)
	at com.rabbitmq.client.impl.AMQChannel.exnWrappingRpc(AMQChannel.java:152)
	... 63 common frames omitted
Caused by: com.rabbitmq.client.ShutdownSignalException: channel error; protocol method: #method<channel.close>(reply-code=406, reply-text=PRECONDITION_FAILED - inequivalent arg 'x-dead-letter-exchange' for queue 'text-processor-service.post-processing.v1.q' in vhost '/': received the value '' of type 'longstr' but current is none, class-id=50, method-id=10)
	at com.rabbitmq.client.impl.ChannelN.asyncShutdown(ChannelN.java:528)
	at com.rabbitmq.client.impl.ChannelN.processAsync(ChannelN.java:349)
	at com.rabbitmq.client.impl.AMQChannel.handleCompleteInboundCommand(AMQChannel.java:193)
	at com.rabbitmq.client.impl.AMQChannel.handleFrame(AMQChannel.java:125)
	at com.rabbitmq.client.impl.AMQConnection.readFrame(AMQConnection.java:761)
	at com.rabbitmq.client.impl.AMQConnection.access$400(AMQConnection.java:48)
	at com.rabbitmq.client.impl.AMQConnection$MainLoop.run(AMQConnection.java:688)
	at java.base/java.lang.Thread.run(Thread.java:840)
14/06/2025 20:26:17 INFO  o.h.v.i.u.Version - HV000001: Hibernate Validator 8.0.2.Final 
14/06/2025 20:26:17 INFO  b.c.g.p.t.p.TextProcessorServiceApplication - Starting TextProcessorServiceApplication using Java 17.0.15 with PID 59701 (/home/guntz/dev/projects/spring/ems/guntz-posts/microservices/text-processor-service/target/classes started by guntz in /home/guntz/dev/projects/spring/ems/guntz-posts) 
14/06/2025 20:26:17 INFO  b.c.g.p.t.p.TextProcessorServiceApplication - No active profile set, falling back to 1 default profile: "default" 
14/06/2025 20:26:18 INFO  o.s.b.d.e.DevToolsPropertyDefaultsPostProcessor - Devtools property defaults active! Set 'spring.devtools.add-properties' to 'false' to disable 
14/06/2025 20:26:18 INFO  o.s.b.d.e.DevToolsPropertyDefaultsPostProcessor - For additional web related logging consider setting the 'logging.level.web' property to 'DEBUG' 
14/06/2025 20:26:19 INFO  o.s.b.w.e.t.TomcatWebServer - Tomcat initialized with port 8081 (http) 
14/06/2025 20:26:19 INFO  o.a.c.h.Http11NioProtocol - Initializing ProtocolHandler ["http-nio-8081"] 
14/06/2025 20:26:19 INFO  o.a.c.c.StandardService - Starting service [Tomcat] 
14/06/2025 20:26:19 INFO  o.a.c.c.StandardEngine - Starting Servlet engine: [Apache Tomcat/10.1.41] 
14/06/2025 20:26:19 INFO  o.a.c.c.C.[.[.[/] - Initializing Spring embedded WebApplicationContext 
14/06/2025 20:26:19 INFO  o.s.b.w.s.c.ServletWebServerApplicationContext - Root WebApplicationContext: initialization completed in 1390 ms 
14/06/2025 20:26:19 INFO  o.s.a.r.c.CachingConnectionFactory - Attempting to connect to: [localhost:5672] 
14/06/2025 20:26:19 INFO  o.s.a.r.c.CachingConnectionFactory - Created new connection: rabbitConnectionFactory#639236d1:0/SimpleConnection@221ebcc0 [delegate=amqp://rabbitmq@127.0.0.1:5672/, localPort=34064] 
14/06/2025 20:26:20 INFO  o.s.b.d.a.OptionalLiveReloadServer - LiveReload server is running on port 35729 
14/06/2025 20:26:20 INFO  o.a.c.h.Http11NioProtocol - Starting ProtocolHandler ["http-nio-8081"] 
14/06/2025 20:26:20 INFO  o.s.b.w.e.t.TomcatWebServer - Tomcat started on port 8081 (http) with context path '/' 
14/06/2025 20:26:20 INFO  b.c.g.p.t.p.TextProcessorServiceApplication - Started TextProcessorServiceApplication in 2.884 seconds (process running for 3.54) 
14/06/2025 20:27:38 INFO  o.s.b.w.e.t.GracefulShutdown - Commencing graceful shutdown. Waiting for active requests to complete 
14/06/2025 20:27:38 INFO  o.s.b.w.e.t.GracefulShutdown - Graceful shutdown complete 
14/06/2025 20:29:03 INFO  o.h.v.i.u.Version - HV000001: Hibernate Validator 8.0.2.Final 
14/06/2025 20:29:03 INFO  b.c.g.p.t.p.TextProcessorServiceApplication - Starting TextProcessorServiceApplication using Java 17.0.15 with PID 61341 (/home/guntz/dev/projects/spring/ems/guntz-posts/microservices/text-processor-service/target/classes started by guntz in /home/guntz/dev/projects/spring/ems/guntz-posts) 
14/06/2025 20:29:03 INFO  b.c.g.p.t.p.TextProcessorServiceApplication - No active profile set, falling back to 1 default profile: "default" 
14/06/2025 20:29:03 INFO  o.s.b.d.e.DevToolsPropertyDefaultsPostProcessor - Devtools property defaults active! Set 'spring.devtools.add-properties' to 'false' to disable 
14/06/2025 20:29:03 INFO  o.s.b.d.e.DevToolsPropertyDefaultsPostProcessor - For additional web related logging consider setting the 'logging.level.web' property to 'DEBUG' 
14/06/2025 20:29:05 INFO  o.s.b.w.e.t.TomcatWebServer - Tomcat initialized with port 8081 (http) 
14/06/2025 20:29:05 INFO  o.a.c.h.Http11NioProtocol - Initializing ProtocolHandler ["http-nio-8081"] 
14/06/2025 20:29:05 INFO  o.a.c.c.StandardService - Starting service [Tomcat] 
14/06/2025 20:29:05 INFO  o.a.c.c.StandardEngine - Starting Servlet engine: [Apache Tomcat/10.1.41] 
14/06/2025 20:29:05 INFO  o.a.c.c.C.[.[.[/] - Initializing Spring embedded WebApplicationContext 
14/06/2025 20:29:05 INFO  o.s.b.w.s.c.ServletWebServerApplicationContext - Root WebApplicationContext: initialization completed in 1570 ms 
14/06/2025 20:29:05 INFO  o.s.a.r.c.CachingConnectionFactory - Attempting to connect to: [localhost:5672] 
14/06/2025 20:29:05 INFO  o.s.a.r.c.CachingConnectionFactory - Created new connection: rabbitConnectionFactory#7bc81d8f:0/SimpleConnection@13fbf492 [delegate=amqp://rabbitmq@127.0.0.1:5672/, localPort=37778] 
14/06/2025 20:29:06 INFO  o.s.b.d.a.OptionalLiveReloadServer - LiveReload server is running on port 35729 
14/06/2025 20:29:06 INFO  o.a.c.h.Http11NioProtocol - Starting ProtocolHandler ["http-nio-8081"] 
14/06/2025 20:29:06 INFO  o.s.b.w.e.t.TomcatWebServer - Tomcat started on port 8081 (http) with context path '/' 
14/06/2025 20:29:06 INFO  b.c.g.p.t.p.TextProcessorServiceApplication - Started TextProcessorServiceApplication in 3.155 seconds (process running for 3.817) 
14/06/2025 20:34:27 INFO  o.s.b.w.e.t.GracefulShutdown - Commencing graceful shutdown. Waiting for active requests to complete 
14/06/2025 20:34:27 INFO  o.s.b.w.e.t.GracefulShutdown - Graceful shutdown complete 
14/06/2025 20:34:57 INFO  o.h.v.i.u.Version - HV000001: Hibernate Validator 8.0.2.Final 
14/06/2025 20:34:57 INFO  b.c.g.p.t.p.TextProcessorServiceApplication - Starting TextProcessorServiceApplication using Java 17.0.15 with PID 63951 (/home/guntz/dev/projects/spring/ems/guntz-posts/microservices/text-processor-service/target/classes started by guntz in /home/guntz/dev/projects/spring/ems/guntz-posts) 
14/06/2025 20:34:57 INFO  b.c.g.p.t.p.TextProcessorServiceApplication - No active profile set, falling back to 1 default profile: "default" 
14/06/2025 20:34:57 INFO  o.s.b.d.e.DevToolsPropertyDefaultsPostProcessor - Devtools property defaults active! Set 'spring.devtools.add-properties' to 'false' to disable 
14/06/2025 20:34:57 INFO  o.s.b.d.e.DevToolsPropertyDefaultsPostProcessor - For additional web related logging consider setting the 'logging.level.web' property to 'DEBUG' 
14/06/2025 20:34:58 INFO  o.s.b.w.e.t.TomcatWebServer - Tomcat initialized with port 8081 (http) 
14/06/2025 20:34:58 INFO  o.a.c.h.Http11NioProtocol - Initializing ProtocolHandler ["http-nio-8081"] 
14/06/2025 20:34:58 INFO  o.a.c.c.StandardService - Starting service [Tomcat] 
14/06/2025 20:34:58 INFO  o.a.c.c.StandardEngine - Starting Servlet engine: [Apache Tomcat/10.1.41] 
14/06/2025 20:34:58 INFO  o.a.c.c.C.[.[.[/] - Initializing Spring embedded WebApplicationContext 
14/06/2025 20:34:58 INFO  o.s.b.w.s.c.ServletWebServerApplicationContext - Root WebApplicationContext: initialization completed in 1497 ms 
14/06/2025 20:34:59 INFO  o.s.a.r.c.CachingConnectionFactory - Attempting to connect to: [localhost:5672] 
14/06/2025 20:34:59 INFO  o.s.a.r.c.CachingConnectionFactory - Created new connection: rabbitConnectionFactory#438b2dd8:0/SimpleConnection@b76a37c [delegate=amqp://rabbitmq@127.0.0.1:5672/, localPort=40654] 
14/06/2025 20:34:59 INFO  o.s.b.d.a.OptionalLiveReloadServer - LiveReload server is running on port 35729 
14/06/2025 20:34:59 INFO  o.a.c.h.Http11NioProtocol - Starting ProtocolHandler ["http-nio-8081"] 
14/06/2025 20:34:59 INFO  o.s.b.w.e.t.TomcatWebServer - Tomcat started on port 8081 (http) with context path '/' 
14/06/2025 20:34:59 INFO  b.c.g.p.t.p.TextProcessorServiceApplication - Started TextProcessorServiceApplication in 3.128 seconds (process running for 3.79) 
14/06/2025 20:37:39 INFO  o.s.b.w.e.t.GracefulShutdown - Commencing graceful shutdown. Waiting for active requests to complete 
14/06/2025 20:37:39 INFO  o.s.b.w.e.t.GracefulShutdown - Graceful shutdown complete 
14/06/2025 20:41:27 INFO  o.h.v.i.u.Version - HV000001: Hibernate Validator 8.0.2.Final 
14/06/2025 20:41:27 INFO  b.c.g.p.t.p.TextProcessorServiceApplication - Starting TextProcessorServiceApplication using Java 17.0.15 with PID 67912 (/home/guntz/dev/projects/spring/ems/guntz-posts/microservices/text-processor-service/target/classes started by guntz in /home/guntz/dev/projects/spring/ems/guntz-posts) 
14/06/2025 20:41:27 INFO  b.c.g.p.t.p.TextProcessorServiceApplication - No active profile set, falling back to 1 default profile: "default" 
14/06/2025 20:41:27 INFO  o.s.b.d.e.DevToolsPropertyDefaultsPostProcessor - Devtools property defaults active! Set 'spring.devtools.add-properties' to 'false' to disable 
14/06/2025 20:41:27 INFO  o.s.b.d.e.DevToolsPropertyDefaultsPostProcessor - For additional web related logging consider setting the 'logging.level.web' property to 'DEBUG' 
14/06/2025 20:41:28 INFO  o.s.b.w.e.t.TomcatWebServer - Tomcat initialized with port 8081 (http) 
14/06/2025 20:41:28 INFO  o.a.c.h.Http11NioProtocol - Initializing ProtocolHandler ["http-nio-8081"] 
14/06/2025 20:41:28 INFO  o.a.c.c.StandardService - Starting service [Tomcat] 
14/06/2025 20:41:28 INFO  o.a.c.c.StandardEngine - Starting Servlet engine: [Apache Tomcat/10.1.41] 
14/06/2025 20:41:28 INFO  o.a.c.c.C.[.[.[/] - Initializing Spring embedded WebApplicationContext 
14/06/2025 20:41:28 INFO  o.s.b.w.s.c.ServletWebServerApplicationContext - Root WebApplicationContext: initialization completed in 1484 ms 
14/06/2025 20:41:29 INFO  o.s.a.r.c.CachingConnectionFactory - Attempting to connect to: [localhost:5672] 
14/06/2025 20:41:29 INFO  o.s.a.r.c.CachingConnectionFactory - Created new connection: rabbitConnectionFactory#62ed4c4c:0/SimpleConnection@789a7f54 [delegate=amqp://rabbitmq@127.0.0.1:5672/, localPort=42336] 
14/06/2025 20:41:29 INFO  o.s.b.d.a.OptionalLiveReloadServer - LiveReload server is running on port 35729 
14/06/2025 20:41:29 INFO  o.a.c.h.Http11NioProtocol - Starting ProtocolHandler ["http-nio-8081"] 
14/06/2025 20:41:29 INFO  o.s.b.w.e.t.TomcatWebServer - Tomcat started on port 8081 (http) with context path '/' 
14/06/2025 20:41:29 INFO  b.c.g.p.t.p.TextProcessorServiceApplication - Started TextProcessorServiceApplication in 3.091 seconds (process running for 3.772) 
14/06/2025 20:43:49 INFO  o.s.b.w.e.t.GracefulShutdown - Commencing graceful shutdown. Waiting for active requests to complete 
14/06/2025 20:43:49 INFO  o.s.b.w.e.t.GracefulShutdown - Graceful shutdown complete 
14/06/2025 20:47:12 INFO  o.h.v.i.u.Version - HV000001: Hibernate Validator 8.0.2.Final 
14/06/2025 20:47:12 INFO  b.c.g.p.t.p.TextProcessorServiceApplication - Starting TextProcessorServiceApplication using Java 17.0.15 with PID 71245 (/home/guntz/dev/projects/spring/ems/guntz-posts/microservices/text-processor-service/target/classes started by guntz in /home/guntz/dev/projects/spring/ems/guntz-posts) 
14/06/2025 20:47:12 INFO  b.c.g.p.t.p.TextProcessorServiceApplication - No active profile set, falling back to 1 default profile: "default" 
14/06/2025 20:47:12 INFO  o.s.b.d.e.DevToolsPropertyDefaultsPostProcessor - Devtools property defaults active! Set 'spring.devtools.add-properties' to 'false' to disable 
14/06/2025 20:47:12 INFO  o.s.b.d.e.DevToolsPropertyDefaultsPostProcessor - For additional web related logging consider setting the 'logging.level.web' property to 'DEBUG' 
14/06/2025 20:47:13 INFO  o.s.b.w.e.t.TomcatWebServer - Tomcat initialized with port 8081 (http) 
14/06/2025 20:47:13 INFO  o.a.c.h.Http11NioProtocol - Initializing ProtocolHandler ["http-nio-8081"] 
14/06/2025 20:47:13 INFO  o.a.c.c.StandardService - Starting service [Tomcat] 
14/06/2025 20:47:13 INFO  o.a.c.c.StandardEngine - Starting Servlet engine: [Apache Tomcat/10.1.41] 
14/06/2025 20:47:13 INFO  o.a.c.c.C.[.[.[/] - Initializing Spring embedded WebApplicationContext 
14/06/2025 20:47:13 INFO  o.s.b.w.s.c.ServletWebServerApplicationContext - Root WebApplicationContext: initialization completed in 1423 ms 
14/06/2025 20:47:14 INFO  o.s.a.r.c.CachingConnectionFactory - Attempting to connect to: [localhost:5672] 
14/06/2025 20:47:14 INFO  o.s.a.r.c.CachingConnectionFactory - Created new connection: rabbitConnectionFactory#4d2edaef:0/SimpleConnection@d990c87 [delegate=amqp://rabbitmq@127.0.0.1:5672/, localPort=44536] 
14/06/2025 20:47:14 INFO  o.s.b.d.a.OptionalLiveReloadServer - LiveReload server is running on port 35729 
14/06/2025 20:47:14 INFO  o.a.c.h.Http11NioProtocol - Starting ProtocolHandler ["http-nio-8081"] 
14/06/2025 20:47:14 INFO  o.s.b.w.e.t.TomcatWebServer - Tomcat started on port 8081 (http) with context path '/' 
14/06/2025 20:47:14 INFO  b.c.g.p.t.p.TextProcessorServiceApplication - Started TextProcessorServiceApplication in 3.0 seconds (process running for 3.594) 
14/06/2025 20:48:25 INFO  o.s.b.w.e.t.GracefulShutdown - Commencing graceful shutdown. Waiting for active requests to complete 
14/06/2025 20:48:25 INFO  o.s.b.w.e.t.GracefulShutdown - Graceful shutdown complete 
